#
# A fatal error has been detected by the Java Runtime Environment:
#
#  Internal Error (javaClasses.cpp:129), pid=1964, tid=5248
#  fatal error: Invalid layout of preloaded class
#
# JRE version: 7.0_25-b17
# Java VM: Java HotSpot(TM) 64-Bit Server VM (23.25-b01 mixed mode windows-amd64 compressed oops)
# Failed to write core dump. Minidumps are not enabled by default on client versions of Windows
#
# If you would like to submit a bug report, please visit:
#   http://bugreport.sun.com/bugreport/crash.jsp
#

---------------  T H R E A D  ---------------

Current thread (0x0000000002bfd800):  JavaThread "Unknown thread" [_thread_in_vm, id=5248, stack(0x0000000000dd0000,0x0000000000ed0000)]

Stack: [0x0000000000dd0000,0x0000000000ed0000]

---------------  P R O C E S S  ---------------

Java Threads: ( => current thread )

Other Threads:

=>0x0000000002bfd800 (exited) JavaThread "Unknown thread" [_thread_in_vm, id=5248, stack(0x0000000000dd0000,0x0000000000ed0000)]

VM state:not at safepoint (not fully initialized)

VM Mutex/Monitor currently owned by a thread: None

GC Heap History (0 events):
No events

Deoptimization events (0 events):
No events

Internal exceptions (0 events):
No events

Events (10 events):
Event: 0.010 loading class 0x00000000026881a0 done
Event: 0.010 loading class 0x0000000002688110 done
Event: 0.010 loading class 0x0000000002688320
Event: 0.010 loading class 0x000000000268f740
Event: 0.010 loading class 0x000000000268f740 done
Event: 0.010 loading class 0x000000000268fa40
Event: 0.010 loading class 0x000000000268fa40 done
Event: 0.011 loading class 0x000000000a8edc30
Event: 0.011 loading class 0x000000000a8edc30 done
Event: 0.011 loading class 0x0000000002688320 done


Dynamic libraries:
0x00007ff7acfb0000 - 0x00007ff7acfe3000 	C:\Program Files\Java\jre7\bin\javaw.exe
0x00007ffe477d0000 - 0x00007ffe47976000 	C:\windows\SYSTEM32\ntdll.dll
0x00007ffe46fc0000 - 0x00007ffe470fa000 	C:\windows\system32\KERNEL32.DLL
0x00007ffe44f50000 - 0x00007ffe4505f000 	C:\windows\system32\KERNELBASE.dll
0x00007ffe433b0000 - 0x00007ffe43438000 	C:\windows\system32\apphelp.dll
0x00007ffe2e8b0000 - 0x00007ffe2e8ff000 	C:\windows\AppPatch\AppPatch64\AcGenral.DLL
0x00007ffe47470000 - 0x00007ffe47517000 	C:\windows\system32\msvcrt.dll
0x00007ffe44930000 - 0x00007ffe4495b000 	C:\windows\SYSTEM32\SspiCli.dll
0x00007ffe46f60000 - 0x00007ffe46fb1000 	C:\windows\system32\SHLWAPI.dll
0x00007ffe46960000 - 0x00007ffe46ad1000 	C:\windows\system32\USER32.dll
0x00007ffe472f0000 - 0x00007ffe47468000 	C:\windows\system32\ole32.dll
0x00007ffe452f0000 - 0x00007ffe466ff000 	C:\windows\system32\SHELL32.dll
0x00007ffe43e00000 - 0x00007ffe43e1e000 	C:\windows\SYSTEM32\USERENV.dll
0x00007ffe45240000 - 0x00007ffe452e5000 	C:\windows\system32\ADVAPI32.dll
0x00007ffe3e7f0000 - 0x00007ffe3e80b000 	C:\windows\SYSTEM32\MPR.dll
0x00007ffe47110000 - 0x00007ffe47247000 	C:\windows\system32\RPCRT4.dll
0x00007ffe46860000 - 0x00007ffe468b7000 	C:\windows\SYSTEM32\sechost.dll
0x00007ffe47580000 - 0x00007ffe47756000 	C:\windows\SYSTEM32\combase.dll
0x00007ffe46710000 - 0x00007ffe46854000 	C:\windows\system32\GDI32.dll
0x00007ffe44b50000 - 0x00007ffe44b64000 	C:\windows\SYSTEM32\profapi.dll
0x00007ffe42e40000 - 0x00007ffe42edf000 	C:\windows\SYSTEM32\SHCORE.dll
0x00007ffe46920000 - 0x00007ffe46954000 	C:\windows\system32\IMM32.DLL
0x00007ffe46bd0000 - 0x00007ffe46d09000 	C:\windows\system32\MSCTF.dll
0x00007ffe441f0000 - 0x00007ffe4444a000 	C:\windows\WinSxS\amd64_microsoft.windows.common-controls_6595b64144ccf1df_6.0.9600.17031_none_6242a4b3ecbb55a1\COMCTL32.dll
0x0000000062bf0000 - 0x0000000062cc1000 	C:\Program Files\Java\jre7\bin\msvcr100.dll
0x00000000624e0000 - 0x0000000062bef000 	C:\Program Files\Java\jre7\bin\server\jvm.dll
0x00007ffe3c110000 - 0x00007ffe3c119000 	C:\windows\SYSTEM32\WSOCK32.dll
0x00007ffe42640000 - 0x00007ffe4265f000 	C:\windows\SYSTEM32\WINMM.dll
0x00007ffe477c0000 - 0x00007ffe477c7000 	C:\windows\system32\PSAPI.DLL
0x00007ffe47520000 - 0x00007ffe47578000 	C:\windows\system32\WS2_32.dll
0x00007ffe44620000 - 0x00007ffe4464a000 	C:\windows\SYSTEM32\WINMMBASE.dll
0x00007ffe47100000 - 0x00007ffe47109000 	C:\windows\system32\NSI.dll
0x00007ffe44e00000 - 0x00007ffe44e4a000 	C:\windows\SYSTEM32\cfgmgr32.dll
0x00007ffe43620000 - 0x00007ffe43646000 	C:\windows\SYSTEM32\DEVOBJ.dll
0x00000000624d0000 - 0x00000000624df000 	C:\Program Files\Java\jre7\bin\verify.dll
0x00000000624a0000 - 0x00000000624c8000 	C:\Program Files\Java\jre7\bin\java.dll
0x0000000062480000 - 0x0000000062495000 	C:\Program Files\Java\jre7\bin\zip.dll

VM Arguments:
jvm_args: -Dfile.encoding=GBK -Xbootclasspath:C:\Users\dutta\Desktop\adt-bundle-windows-x86_64-20140702\sdk\platforms\android-18\android.jar 
java_command: classForApp.Nurse
Launcher Type: SUN_STANDARD

Environment Variables:
PATH=C:\Program Files (x86)\NVIDIA Corporation\PhysX\Common;C:\Program Files (x86)\Intel\iCLS Client\;C:\Program Files\Intel\iCLS Client\;C:\Windows\system32;C:\Windows;C:\Windows\System32\Wbem;C:\Windows\System32\WindowsPowerShell\v1.0\;C:\Program Files\Intel\Intel(R) Management Engine Components\DAL;C:\Program Files\Intel\Intel(R) Management Engine Components\IPT;C:\Program Files (x86)\Intel\Intel(R) Management Engine Components\DAL;C:\Program Files (x86)\Intel\Intel(R) Management Engine Components\IPT;C:\Program Files (x86)\Intel\OpenCL SDK\3.0\bin\x86;C:\Program Files (x86)\Intel\OpenCL SDK\3.0\bin\x64;C:\windows\system32;C:\windows;C:\windows\System32\Wbem;C:\windows\System32\WindowsPowerShell\v1.0\;C:\Program Files\TortoiseSVN\bin
USERNAME=dutta
OS=Windows_NT
PROCESSOR_IDENTIFIER=Intel64 Family 6 Model 58 Stepping 9, GenuineIntel



---------------  S Y S T E M  ---------------

OS: Windows 8 , 64 bit Build 9200 

CPU:total 4 (2 cores per cpu, 2 threads per core) family 6 model 58 stepping 9, cmov, cx8, fxsr, mmx, sse, sse2, sse3, ssse3, sse4.1, sse4.2, popcnt, avx, ht, tsc, tscinvbit, tscinv

Memory: 4k page, physical 6712600k(2964272k free), swap 8285464k(3663060k free)

vm_info: Java HotSpot(TM) 64-Bit Server VM (23.25-b01) for windows-amd64 JRE (1.7.0_25-b17), built on Jun 21 2013 12:58:32 by "java_re" with unknown MS VC++:1600

time: Sat Nov 08 16:27:22 2014
elapsed time: 0 seconds

