#
# A fatal error has been detected by the Java Runtime Environment:
#
#  Internal Error (javaClasses.cpp:129), pid=4220, tid=5792
#  fatal error: Invalid layout of preloaded class
#
# JRE version: 7.0_25-b17
# Java VM: Java HotSpot(TM) 64-Bit Server VM (23.25-b01 mixed mode windows-amd64 compressed oops)
# Failed to write core dump. Minidumps are not enabled by default on client versions of Windows
#
# If you would like to submit a bug report, please visit:
#   http://bugreport.sun.com/bugreport/crash.jsp
#

---------------  T H R E A D  ---------------

Current thread (0x000000000241d800):  JavaThread "Unknown thread" [_thread_in_vm, id=5792, stack(0x00000000027a0000,0x00000000028a0000)]

Stack: [0x00000000027a0000,0x00000000028a0000]

---------------  P R O C E S S  ---------------

Java Threads: ( => current thread )

Other Threads:

=>0x000000000241d800 (exited) JavaThread "Unknown thread" [_thread_in_vm, id=5792, stack(0x00000000027a0000,0x00000000028a0000)]

VM state:not at safepoint (not fully initialized)

VM Mutex/Monitor currently owned by a thread: None

GC Heap History (0 events):
No events

Deoptimization events (0 events):
No events

Internal exceptions (0 events):
No events

Events (10 events):
Event: 0.013 loading class 0x00000000028e7d90 done
Event: 0.013 loading class 0x00000000028e8180 done
Event: 0.013 loading class 0x00000000028e7bb0
Event: 0.013 loading class 0x00000000028f0000
Event: 0.013 loading class 0x00000000028f0000 done
Event: 0.013 loading class 0x00000000028ef7c0
Event: 0.013 loading class 0x00000000028ef7c0 done
Event: 0.013 loading class 0x000000000a68d420
Event: 0.014 loading class 0x000000000a68d420 done
Event: 0.014 loading class 0x00000000028e7bb0 done


Dynamic libraries:
0x00007ff6fd140000 - 0x00007ff6fd173000 	C:\Program Files\Java\jre7\bin\javaw.exe
0x00007ffdeb010000 - 0x00007ffdeb1b6000 	C:\windows\SYSTEM32\ntdll.dll
0x00007ffde94f0000 - 0x00007ffde962a000 	C:\windows\system32\KERNEL32.DLL
0x00007ffde8790000 - 0x00007ffde889f000 	C:\windows\system32\KERNELBASE.dll
0x00007ffde6b30000 - 0x00007ffde6bb8000 	C:\windows\system32\apphelp.dll
0x00007ffdd05a0000 - 0x00007ffdd05ef000 	C:\windows\AppPatch\AppPatch64\AcGenral.DLL
0x00007ffde8a40000 - 0x00007ffde8ae7000 	C:\windows\system32\msvcrt.dll
0x00007ffde8170000 - 0x00007ffde819b000 	C:\windows\SYSTEM32\SspiCli.dll
0x00007ffdeafb0000 - 0x00007ffdeb001000 	C:\windows\system32\SHLWAPI.dll
0x00007ffde9960000 - 0x00007ffde9ad1000 	C:\windows\system32\USER32.dll
0x00007ffde97c0000 - 0x00007ffde9938000 	C:\windows\system32\ole32.dll
0x00007ffde9ae0000 - 0x00007ffdeaeef000 	C:\windows\system32\SHELL32.dll
0x00007ffde7580000 - 0x00007ffde759e000 	C:\windows\SYSTEM32\USERENV.dll
0x00007ffdeaf00000 - 0x00007ffdeafa5000 	C:\windows\system32\ADVAPI32.dll
0x00007ffde45f0000 - 0x00007ffde460b000 	C:\windows\SYSTEM32\MPR.dll
0x00007ffde92f0000 - 0x00007ffde9427000 	C:\windows\system32\RPCRT4.dll
0x00007ffde8af0000 - 0x00007ffde8b47000 	C:\windows\SYSTEM32\sechost.dll
0x00007ffde8b50000 - 0x00007ffde8d26000 	C:\windows\SYSTEM32\combase.dll
0x00007ffde8d30000 - 0x00007ffde8e74000 	C:\windows\system32\GDI32.dll
0x00007ffde8390000 - 0x00007ffde83a4000 	C:\windows\SYSTEM32\profapi.dll
0x00007ffde7a80000 - 0x00007ffde7b1f000 	C:\windows\SYSTEM32\SHCORE.dll
0x00007ffde8e80000 - 0x00007ffde8eb4000 	C:\windows\system32\IMM32.DLL
0x00007ffde8900000 - 0x00007ffde8a39000 	C:\windows\system32\MSCTF.dll
0x00007ffde7c90000 - 0x00007ffde7eea000 	C:\windows\WinSxS\amd64_microsoft.windows.common-controls_6595b64144ccf1df_6.0.9600.17031_none_6242a4b3ecbb55a1\COMCTL32.dll
0x0000000059800000 - 0x00000000598d1000 	C:\Program Files\Java\jre7\bin\msvcr100.dll
0x00000000590f0000 - 0x00000000597ff000 	C:\Program Files\Java\jre7\bin\server\jvm.dll
0x00007ffde01c0000 - 0x00007ffde01c9000 	C:\windows\SYSTEM32\WSOCK32.dll
0x00007ffde4650000 - 0x00007ffde466f000 	C:\windows\SYSTEM32\WINMM.dll
0x00007ffde97b0000 - 0x00007ffde97b7000 	C:\windows\system32\PSAPI.DLL
0x00007ffde9750000 - 0x00007ffde97a8000 	C:\windows\system32\WS2_32.dll
0x00007ffde3ff0000 - 0x00007ffde401a000 	C:\windows\SYSTEM32\WINMMBASE.dll
0x00007ffdeaef0000 - 0x00007ffdeaef9000 	C:\windows\system32\NSI.dll
0x00007ffde8640000 - 0x00007ffde868a000 	C:\windows\SYSTEM32\cfgmgr32.dll
0x00007ffde6db0000 - 0x00007ffde6dd6000 	C:\windows\SYSTEM32\DEVOBJ.dll
0x0000000059ce0000 - 0x0000000059cef000 	C:\Program Files\Java\jre7\bin\verify.dll
0x0000000059cb0000 - 0x0000000059cd8000 	C:\Program Files\Java\jre7\bin\java.dll
0x0000000059c90000 - 0x0000000059ca5000 	C:\Program Files\Java\jre7\bin\zip.dll

VM Arguments:
jvm_args: -Dfile.encoding=GBK -Xbootclasspath:C:\Users\dutta\Desktop\adt-bundle-windows-x86_64-20140702\sdk\platforms\android-18\android.jar 
java_command: classForApp.Nurse
Launcher Type: SUN_STANDARD

Environment Variables:
PATH=C:\Program Files (x86)\NVIDIA Corporation\PhysX\Common;C:\Program Files (x86)\Intel\iCLS Client\;C:\Program Files\Intel\iCLS Client\;C:\Windows\system32;C:\Windows;C:\Windows\System32\Wbem;C:\Windows\System32\WindowsPowerShell\v1.0\;C:\Program Files\Intel\Intel(R) Management Engine Components\DAL;C:\Program Files\Intel\Intel(R) Management Engine Components\IPT;C:\Program Files (x86)\Intel\Intel(R) Management Engine Components\DAL;C:\Program Files (x86)\Intel\Intel(R) Management Engine Components\IPT;C:\Program Files (x86)\Intel\OpenCL SDK\3.0\bin\x86;C:\Program Files (x86)\Intel\OpenCL SDK\3.0\bin\x64;C:\windows\system32;C:\windows;C:\windows\System32\Wbem;C:\windows\System32\WindowsPowerShell\v1.0\;C:\Program Files\TortoiseSVN\bin
USERNAME=dutta
OS=Windows_NT
PROCESSOR_IDENTIFIER=Intel64 Family 6 Model 58 Stepping 9, GenuineIntel



---------------  S Y S T E M  ---------------

OS: Windows 8 , 64 bit Build 9200 

CPU:total 4 (2 cores per cpu, 2 threads per core) family 6 model 58 stepping 9, cmov, cx8, fxsr, mmx, sse, sse2, sse3, ssse3, sse4.1, sse4.2, popcnt, avx, ht, tsc, tscinvbit, tscinv

Memory: 4k page, physical 6712600k(3671304k free), swap 8416536k(4094256k free)

vm_info: Java HotSpot(TM) 64-Bit Server VM (23.25-b01) for windows-amd64 JRE (1.7.0_25-b17), built on Jun 21 2013 12:58:32 by "java_re" with unknown MS VC++:1600

time: Sun Nov 09 14:21:29 2014
elapsed time: 0 seconds

