#
# A fatal error has been detected by the Java Runtime Environment:
#
#  Internal Error (javaClasses.cpp:129), pid=6640, tid=7956
#  fatal error: Invalid layout of preloaded class
#
# JRE version: 7.0_25-b17
# Java VM: Java HotSpot(TM) 64-Bit Server VM (23.25-b01 mixed mode windows-amd64 compressed oops)
# Failed to write core dump. Minidumps are not enabled by default on client versions of Windows
#
# If you would like to submit a bug report, please visit:
#   http://bugreport.sun.com/bugreport/crash.jsp
#

---------------  T H R E A D  ---------------

Current thread (0x00000000022dd800):  JavaThread "Unknown thread" [_thread_in_vm, id=7956, stack(0x0000000002150000,0x0000000002250000)]

Stack: [0x0000000002150000,0x0000000002250000]

---------------  P R O C E S S  ---------------

Java Threads: ( => current thread )

Other Threads:

=>0x00000000022dd800 (exited) JavaThread "Unknown thread" [_thread_in_vm, id=7956, stack(0x0000000002150000,0x0000000002250000)]

VM state:not at safepoint (not fully initialized)

VM Mutex/Monitor currently owned by a thread: None

GC Heap History (0 events):
No events

Deoptimization events (0 events):
No events

Internal exceptions (0 events):
No events

Events (10 events):
Event: 0.010 loading class 0x0000000002327d30 done
Event: 0.010 loading class 0x0000000002327be0 done
Event: 0.010 loading class 0x00000000023280c0
Event: 0.010 loading class 0x000000000232fd80
Event: 0.010 loading class 0x000000000232fd80 done
Event: 0.010 loading class 0x000000000232fe00
Event: 0.011 loading class 0x000000000232fe00 done
Event: 0.011 loading class 0x000000000a18dbd0
Event: 0.011 loading class 0x000000000a18dbd0 done
Event: 0.011 loading class 0x00000000023280c0 done


Dynamic libraries:
0x00007ff6818b0000 - 0x00007ff6818e3000 	C:\Program Files\Java\jre7\bin\javaw.exe
0x00007ffa0aa40000 - 0x00007ffa0abe6000 	C:\windows\SYSTEM32\ntdll.dll
0x00007ffa0a720000 - 0x00007ffa0a85a000 	C:\windows\system32\KERNEL32.DLL
0x00007ffa080c0000 - 0x00007ffa081cf000 	C:\windows\system32\KERNELBASE.dll
0x00007ffa06980000 - 0x00007ffa06a08000 	C:\windows\system32\apphelp.dll
0x00007ff9f2d00000 - 0x00007ff9f2d4f000 	C:\windows\AppPatch\AppPatch64\AcGenral.DLL
0x00007ffa0a090000 - 0x00007ffa0a137000 	C:\windows\system32\msvcrt.dll
0x00007ffa07bb0000 - 0x00007ffa07bdb000 	C:\windows\SYSTEM32\SspiCli.dll
0x00007ffa0a150000 - 0x00007ffa0a1a1000 	C:\windows\system32\SHLWAPI.dll
0x00007ffa0a860000 - 0x00007ffa0a9d1000 	C:\windows\system32\USER32.dll
0x00007ffa09b90000 - 0x00007ffa09d08000 	C:\windows\system32\ole32.dll
0x00007ffa08620000 - 0x00007ffa09a2f000 	C:\windows\system32\SHELL32.dll
0x00007ffa073c0000 - 0x00007ffa073de000 	C:\windows\SYSTEM32\USERENV.dll
0x00007ffa09a30000 - 0x00007ffa09ad5000 	C:\windows\system32\ADVAPI32.dll
0x00007ffa00520000 - 0x00007ffa0053b000 	C:\windows\SYSTEM32\MPR.dll
0x00007ffa09d50000 - 0x00007ffa09e87000 	C:\windows\system32\RPCRT4.dll
0x00007ffa0a1b0000 - 0x00007ffa0a207000 	C:\windows\SYSTEM32\sechost.dll
0x00007ffa0a390000 - 0x00007ffa0a566000 	C:\windows\SYSTEM32\combase.dll
0x00007ffa0a570000 - 0x00007ffa0a6b4000 	C:\windows\system32\GDI32.dll
0x00007ffa07dc0000 - 0x00007ffa07dd4000 	C:\windows\SYSTEM32\profapi.dll
0x00007ffa063b0000 - 0x00007ffa0644f000 	C:\windows\SYSTEM32\SHCORE.dll
0x00007ffa09d10000 - 0x00007ffa09d44000 	C:\windows\system32\IMM32.DLL
0x00007ffa082e0000 - 0x00007ffa08419000 	C:\windows\system32\MSCTF.dll
0x00007ffa05810000 - 0x00007ffa05a6a000 	C:\windows\WinSxS\amd64_microsoft.windows.common-controls_6595b64144ccf1df_6.0.9600.17031_none_6242a4b3ecbb55a1\COMCTL32.dll
0x000000005daa0000 - 0x000000005db71000 	C:\Program Files\Java\jre7\bin\msvcr100.dll
0x000000005d390000 - 0x000000005da9f000 	C:\Program Files\Java\jre7\bin\server\jvm.dll
0x00007ff9ff170000 - 0x00007ff9ff179000 	C:\windows\SYSTEM32\WSOCK32.dll
0x00007ffa05c10000 - 0x00007ffa05c2f000 	C:\windows\SYSTEM32\WINMM.dll
0x00007ffa0a210000 - 0x00007ffa0a217000 	C:\windows\system32\PSAPI.DLL
0x00007ffa09e90000 - 0x00007ffa09ee8000 	C:\windows\system32\WS2_32.dll
0x00007ffa04de0000 - 0x00007ffa04e0a000 	C:\windows\SYSTEM32\WINMMBASE.dll
0x00007ffa082d0000 - 0x00007ffa082d9000 	C:\windows\system32\NSI.dll
0x00007ffa07e90000 - 0x00007ffa07eda000 	C:\windows\SYSTEM32\cfgmgr32.dll
0x00007ffa06c00000 - 0x00007ffa06c26000 	C:\windows\SYSTEM32\DEVOBJ.dll
0x000000005e490000 - 0x000000005e49f000 	C:\Program Files\Java\jre7\bin\verify.dll
0x000000005d360000 - 0x000000005d388000 	C:\Program Files\Java\jre7\bin\java.dll
0x000000005d340000 - 0x000000005d355000 	C:\Program Files\Java\jre7\bin\zip.dll

VM Arguments:
jvm_args: -Dfile.encoding=GBK -Xbootclasspath:C:\Users\dutta\Desktop\adt-bundle-windows-x86_64-20140702\sdk\platforms\android-18\android.jar 
java_command: classForApp.Nurse
Launcher Type: SUN_STANDARD

Environment Variables:
PATH=C:\Program Files (x86)\NVIDIA Corporation\PhysX\Common;C:\Program Files (x86)\Intel\iCLS Client\;C:\Program Files\Intel\iCLS Client\;C:\Windows\system32;C:\Windows;C:\Windows\System32\Wbem;C:\Windows\System32\WindowsPowerShell\v1.0\;C:\Program Files\Intel\Intel(R) Management Engine Components\DAL;C:\Program Files\Intel\Intel(R) Management Engine Components\IPT;C:\Program Files (x86)\Intel\Intel(R) Management Engine Components\DAL;C:\Program Files (x86)\Intel\Intel(R) Management Engine Components\IPT;C:\Program Files (x86)\Intel\OpenCL SDK\3.0\bin\x86;C:\Program Files (x86)\Intel\OpenCL SDK\3.0\bin\x64;C:\windows\system32;C:\windows;C:\windows\System32\Wbem;C:\windows\System32\WindowsPowerShell\v1.0\;C:\Program Files\TortoiseSVN\bin
USERNAME=dutta
OS=Windows_NT
PROCESSOR_IDENTIFIER=Intel64 Family 6 Model 58 Stepping 9, GenuineIntel



---------------  S Y S T E M  ---------------

OS: Windows 8 , 64 bit Build 9200 

CPU:total 4 (2 cores per cpu, 2 threads per core) family 6 model 58 stepping 9, cmov, cx8, fxsr, mmx, sse, sse2, sse3, ssse3, sse4.1, sse4.2, popcnt, avx, ht, tsc, tscinvbit, tscinv

Memory: 4k page, physical 6712600k(3526796k free), swap 8416536k(4116144k free)

vm_info: Java HotSpot(TM) 64-Bit Server VM (23.25-b01) for windows-amd64 JRE (1.7.0_25-b17), built on Jun 21 2013 12:58:32 by "java_re" with unknown MS VC++:1600

time: Fri Nov 07 21:10:13 2014
elapsed time: 0 seconds

